  Microsoft (R) Macro Assembler Version 14.26.28805.0
  Copyright (C) Microsoft Corporation.  All rights reserved.
  
   Assembling: match686.asm
  Microsoft (R) Macro Assembler Version 14.26.28805.0
  Copyright (C) Microsoft Corporation.  All rights reserved.
  
   Assembling: inffas32.asm
  adler32.c
  compress.c
  crc32.c
  deflate.c
  Assembler code may have bugs -- use at your own risk
  gzclose.c
  gzlib.c
  gzread.c
  gzwrite.c
  infback.c
  zlibaddons.c
  inffast.c
  Assembler code may have bugs -- use at your own risk
  inflate.c
  inftrees.c
  ioapi.c
  iowin32.c
C:\Users\hank2\source\repos\zlib\contrib\minizip\iowin32.c(31,32): warning C4067: 未預期的語彙基元，接著前置處理器指示詞 - 必須是新行
  trees.c
  uncompr.c
  zutil.c
  unzip.c
  zip.c
     正在建立程式庫 x86\ZlibDllRelease\zlibwapi.lib 和物件 x86\ZlibDllRelease\zlibwapi.exp
  正在產生程式碼
  Previous IPDB not found, fall back to full compilation.
  All 267 functions were compiled because no usable IPDB/IOBJ from previous compilation was found.
  已完成程式碼產生
  zlibvc.vcxproj -> C:\Users\hank2\source\repos\zlib\contrib\vstudio\vc19\x86\ZlibDllRelease\zlibwapi.dll
