  Microsoft (R) Macro Assembler (x64) Version 14.26.28805.0
  Copyright (C) Microsoft Corporation.  All rights reserved.
  
   Assembling: inffasx64.asm
  Microsoft (R) Macro Assembler (x64) Version 14.26.28805.0
  Copyright (C) Microsoft Corporation.  All rights reserved.
  
   Assembling: gvmat64.asm
  adler32.c
  compress.c
  crc32.c
  deflate.c
  Assembler code may have bugs -- use at your own risk
  gzclose.c
  gzlib.c
  gzread.c
C:\Users\hank2\source\repos\zlib\gzread.c(319,20): warning C4267: '=': 將 'size_t' 轉換為 'unsigned int'，資料可能遺失
C:\Users\hank2\source\repos\zlib\gzread.c(400,35): warning C4267: '=': 將 'size_t' 轉換為 'unsigned int'，資料可能遺失
C:\Users\hank2\source\repos\zlib\gzread.c(472,33): warning C4267: '=': 將 'size_t' 轉換為 'int'，資料可能遺失
  gzwrite.c
C:\Users\hank2\source\repos\zlib\gzwrite.c(212,27): warning C4267: '=': 將 'size_t' 轉換為 'unsigned int'，資料可能遺失
C:\Users\hank2\source\repos\zlib\gzwrite.c(232,24): warning C4267: '=': 將 'size_t' 轉換為 'unsigned int'，資料可能遺失
C:\Users\hank2\source\repos\zlib\gzwrite.c(371,36): warning C4267: '=': 將 'size_t' 轉換為 'int'，資料可能遺失
  infback.c
  zlibaddons.c
  inffas8664.c
  inffast.c
  Assembler code may have bugs -- use at your own risk
  inflate.c
  inftrees.c
  ioapi.c
  iowin32.c
C:\Users\hank2\source\repos\zlib\contrib\minizip\iowin32.c(31,32): warning C4067: 未預期的語彙基元，接著前置處理器指示詞 - 必須是新行
  trees.c
  uncompr.c
  unzip.c
  zip.c
  正在產生程式碼...
  正在編譯...
  zutil.c
  正在產生程式碼...
     正在建立程式庫 x64\ZlibDllDebug\zlibwapi.lib 和物件 x64\ZlibDllDebug\zlibwapi.exp
  zlibvc.vcxproj -> C:\Users\hank2\source\repos\zlib\contrib\vstudio\vc19\x64\ZlibDllDebug\zlibwapi.dll
